#
# A fatal error has been detected by the Java Runtime Environment:
#
#  SIGSEGV (0xb) at pc=0x0000000106c5cfdd, pid=1340, tid=4871
#
# JRE version: Java(TM) SE Runtime Environment (8.0_20-b26) (build 1.8.0_20-b26)
# Java VM: Java HotSpot(TM) 64-Bit Server VM (25.20-b23 mixed mode bsd-amd64 compressed oops)
# Problematic frame:
# J 2553 C2 java.io.BufferedInputStream.read([BII)I (113 bytes) @ 0x0000000106c5cfdd [0x0000000106c5cba0+0x43d]
#
# Failed to write core dump. Core dumps have been disabled. To enable core dumping, try "ulimit -c unlimited" before starting Java again
#
# If you would like to submit a bug report, please visit:
#   http://bugreport.sun.com/bugreport/crash.jsp
#

---------------  T H R E A D  ---------------

Current thread (0x00007f85f1604800):  JavaThread "Thread-2" daemon [_thread_in_Java, id=4871, stack(0x0000700000ff2000,0x00007000010f2000)]

siginfo: si_signo: 11 (SIGSEGV), si_code: 1 (SEGV_MAPERR), si_addr: 0x0000000000000414

Registers:
RAX=0x000000000000009a, RBX=0x0000000000000000, RCX=0x00007f85f0681270, RDX=0x0000000000000000
RSP=0x00007000010f1790, RBP=0x00000000edbfadd7, RSI=0x000000004004667f, RDI=0x0000000000000042
R8 =0x0000000000000400, R9 =0x000000000000005b, R10=0x000000076dfd6e90, R11=0x00000000000003a5
R12=0x0000000000000000, R13=0x000000000000005b, R14=0x0000000000000400, R15=0x00007f85f1604800
RIP=0x0000000106c5cfdd, EFLAGS=0x0000000000010216, ERR=0x0000000000000004
  TRAPNO=0x000000000000000e

Top of Stack: (sp=0x00007000010f1790)
0x00007000010f1790:   0000040000000400 000000000000005b
0x00007000010f17a0:   000000076e07d260 000000076dfd6e90
0x00007000010f17b0:   0000000000000007 00000001000003a5
0x00007000010f17c0:   000020006f5a6040 000000076f5a6040
0x00007000010f17d0:   0000005c00000000 000000076f5a6040
0x00007000010f17e0:   000000076f5a6020 00000007c0025750
0x00007000010f17f0:   00007000010f1840 0000000104dc3d06
0x00007000010f1800:   00007000010f18b0 0000000106c46ea4
0x00007000010f1810:   000000076f5a6020 000000011ee3e078
0x00007000010f1820:   00007000010f18b0 000000010640798d
0x00007000010f1830:   00007000010f18b0 00000001064073d0
0x00007000010f1840:   000000000000005c 00000001064073d0
0x00007000010f1850:   000000076e07d260 000000076dfd6e90
0x00007000010f1860:   000000076dfe4478 0000000000000000
0x00007000010f1870:   00007000010f1860 0000000123570497
0x00007000010f1880:   00007000010f1910 0000000123570830
0x00007000010f1890:   0000000000000000 0000000123570688
0x00007000010f18a0:   00007000010f1850 00007000010f1910
0x00007000010f18b0:   00007000010f1958 00000001064079d2
0x00007000010f18c0:   0000000000000000 0000000000000000
0x00007000010f18d0:   0000000000000000 0000000000000000
0x00007000010f18e0:   0000000000000000 0000000000000000
0x00007000010f18f0:   0000000000000000 0000000000000000
0x00007000010f1900:   000000000000005c 000000076e07d260
0x00007000010f1910:   000000076dfe4478 00007000010f1918
0x00007000010f1920:   000000011ed4346b 00007000010f1968
0x00007000010f1930:   000000011edb6340 0000000000000000
0x00007000010f1940:   000000011ed43478 00007000010f1910
0x00007000010f1950:   00007000010f1968 00007000010f19d0
0x00007000010f1960:   00000001064004e7 000000076dfdf7a8
0x00007000010f1970:   0000700000001fa0 000000000000000a
0x00007000010f1980:   00007f85f1604800 0000000000000001 

Instructions: (pc=0x0000000106c5cfdd)
0x0000000106c5cfbd:   3f a0 df fe 44 8b 4c 24 08 44 03 4c 24 0c 44 8b
0x0000000106c5cfcd:   1c 24 44 2b 5c 24 08 4c 8b 54 24 18 45 8b 6a 10
0x0000000106c5cfdd:   45 2b 6a 14 45 85 ed 0f 8f aa 00 00 00 41 8b 6a
0x0000000106c5cfed:   20 45 8b 44 ec 0c 45 3b d8 0f 8d dd 02 00 00 41 

Register to memory mapping:

RAX=0x000000000000009a is an unknown value
RBX=0x0000000000000000 is an unknown value
RCX=0x00007f85f0681270 is an unknown value
RDX=0x0000000000000000 is an unknown value
RSP=0x00007000010f1790 is pointing into the stack for thread: 0x00007f85f1604800
RBP=0x00000000edbfadd7 is an unknown value
RSI=0x000000004004667f is an unknown value
RDI=0x0000000000000042 is an unknown value
R8 =0x0000000000000400 is an unknown value
R9 =0x000000000000005b is an unknown value
R10=0x000000076dfd6e90 is an oop
java.lang.UNIXProcess$ProcessPipeInputStream 
 - klass: 'java/lang/UNIXProcess$ProcessPipeInputStream'
R11=0x00000000000003a5 is an unknown value
R12=0x0000000000000000 is an unknown value
R13=0x000000000000005b is an unknown value
R14=0x0000000000000400 is an unknown value
R15=0x00007f85f1604800 is a thread


Stack: [0x0000700000ff2000,0x00007000010f2000],  sp=0x00007000010f1790,  free space=1021k
Native frames: (J=compiled Java code, j=interpreted, Vv=VM code, C=native code)
J 2553 C2 java.io.BufferedInputStream.read([BII)I (113 bytes) @ 0x0000000106c5cfdd [0x0000000106c5cba0+0x43d]


---------------  P R O C E S S  ---------------

Java Threads: ( => current thread )
  0x00007f85f13c0800 JavaThread "Thread-1" daemon [_thread_blocked, id=19971, stack(0x00007000011f8000,0x00007000012f8000)]
  0x00007f85f1d7d000 JavaThread "Thread-3" daemon [_thread_in_native, id=13575, stack(0x00007000010f5000,0x00007000011f5000)]
=>0x00007f85f1604800 JavaThread "Thread-2" daemon [_thread_in_Java, id=4871, stack(0x0000700000ff2000,0x00007000010f2000)]
  0x00007f85f132e000 JavaThread "process reaper" daemon [_thread_in_native, id=19459, stack(0x0000700000fc7000,0x0000700000fef000)]
  0x00007f85f100f800 JavaThread "Service Thread" daemon [_thread_blocked, id=18435, stack(0x0000700000dc1000,0x0000700000ec1000)]
  0x00007f85f1883000 JavaThread "C1 CompilerThread2" daemon [_thread_blocked, id=17923, stack(0x0000700000cbe000,0x0000700000dbe000)]
  0x00007f85f100c800 JavaThread "C2 CompilerThread1" daemon [_thread_blocked, id=17411, stack(0x0000700000bbb000,0x0000700000cbb000)]
  0x00007f85f0804000 JavaThread "C2 CompilerThread0" daemon [_thread_blocked, id=16899, stack(0x0000700000ab8000,0x0000700000bb8000)]
  0x00007f85f1838000 JavaThread "Signal Dispatcher" daemon [_thread_blocked, id=12815, stack(0x00007000009b5000,0x0000700000ab5000)]
  0x00007f85f1813000 JavaThread "Finalizer" daemon [_thread_blocked, id=12291, stack(0x000070000082f000,0x000070000092f000)]
  0x00007f85f080a800 JavaThread "Reference Handler" daemon [_thread_blocked, id=11779, stack(0x000070000072c000,0x000070000082c000)]
  0x00007f85f2000800 JavaThread "main" [_thread_blocked, id=5891, stack(0x000070000011a000,0x000070000021a000)]

Other Threads:
  0x00007f85f1812800 VMThread [stack: 0x0000700000629000,0x0000700000729000] [id=11267]
  0x00007f85f080c000 WatcherThread [stack: 0x0000700000ec4000,0x0000700000fc4000] [id=18947]

VM state:not at safepoint (normal execution)

VM Mutex/Monitor currently owned by a thread: None

Heap:
 PSYoungGen      total 76288K, used 62751K [0x000000076ab00000, 0x0000000770000000, 0x00000007c0000000)
  eden space 65536K, 84% used [0x000000076ab00000,0x000000076e1581c0,0x000000076eb00000)
  from space 10752K, 66% used [0x000000076f580000,0x000000076fc6fcf8,0x0000000770000000)
  to   space 10752K, 0% used [0x000000076eb00000,0x000000076eb00000,0x000000076f580000)
 ParOldGen       total 175104K, used 32K [0x00000006c0000000, 0x00000006cab00000, 0x000000076ab00000)
  object space 175104K, 0% used [0x00000006c0000000,0x00000006c0008000,0x00000006cab00000)
 Metaspace       used 13661K, capacity 14016K, committed 14336K, reserved 1062912K
  class space    used 1612K, capacity 1696K, committed 1792K, reserved 1048576K

Card table byte_map: [0x00000001157c0000,0x0000000115fc1000] byte_map_base: 0x00000001121c0000

Marking Bits: (ParMarkBitMap*) 0x0000000105392330
 Begin Bits: [0x0000000116517000, 0x000000011a517000)
 End Bits:   [0x000000011a517000, 0x000000011e517000)

Polling page: 0x0000000105a57000

CodeCache: size=245760Kb used=8526Kb max_used=8539Kb free=237233Kb
 bounds [0x0000000106400000, 0x0000000106c60000, 0x0000000115400000]
 total_blobs=2868 nmethods=2551 adapters=231
 compilation: enabled

Compilation events (10 events):
Event: 19.810 Thread 0x00007f85f0804000 2552       4       java.io.BufferedInputStream::read1 (108 bytes)
Event: 19.822 Thread 0x00007f85f0804000 nmethod 2552 0x0000000106c45cd0 code [0x0000000106c45e60, 0x0000000106c464d8]
Event: 20.172 Thread 0x00007f85f100c800 2553  s    4       java.io.BufferedInputStream::read (113 bytes)
Event: 20.209 Thread 0x00007f85f100c800 nmethod 2553 0x0000000106c5c990 code [0x0000000106c5cba0, 0x0000000106c5dfc0]
Event: 22.811 Thread 0x00007f85f0804000 2554  s    4       java.io.BufferedOutputStream::flush (12 bytes)
Event: 22.814 Thread 0x00007f85f0804000 nmethod 2554 0x0000000106c45650 code [0x0000000106c457c0, 0x0000000106c45b48]
Event: 23.242 Thread 0x00007f85f100c800 2555   !   4       java.io.PrintStream::write (69 bytes)
Event: 23.260 Thread 0x00007f85f100c800 nmethod 2555 0x0000000106c47010 code [0x0000000106c471e0, 0x0000000106c47f10]
Event: 23.270 Thread 0x00007f85f0804000 2556       4       java.io.FilterInputStream::read (9 bytes)
Event: 23.271 Thread 0x00007f85f0804000 nmethod 2556 0x0000000106c46d10 code [0x0000000106c46e60, 0x0000000106c46f28]

GC Heap History (4 events):
Event: 2.883 GC heap before
{Heap before GC invocations=1 (full 0):
 PSYoungGen      total 76288K, used 65536K [0x000000076ab00000, 0x0000000770000000, 0x00000007c0000000)
  eden space 65536K, 100% used [0x000000076ab00000,0x000000076eb00000,0x000000076eb00000)
  from space 10752K, 0% used [0x000000076f580000,0x000000076f580000,0x0000000770000000)
  to   space 10752K, 0% used [0x000000076eb00000,0x000000076eb00000,0x000000076f580000)
 ParOldGen       total 175104K, used 0K [0x00000006c0000000, 0x00000006cab00000, 0x000000076ab00000)
  object space 175104K, 0% used [0x00000006c0000000,0x00000006c0000000,0x00000006cab00000)
 Metaspace       used 10200K, capacity 10402K, committed 10624K, reserved 1058816K
  class space    used 1295K, capacity 1374K, committed 1408K, reserved 1048576K
Event: 2.897 GC heap after
Heap after GC invocations=1 (full 0):
 PSYoungGen      total 76288K, used 7540K [0x000000076ab00000, 0x0000000770000000, 0x00000007c0000000)
  eden space 65536K, 0% used [0x000000076ab00000,0x000000076ab00000,0x000000076eb00000)
  from space 10752K, 70% used [0x000000076eb00000,0x000000076f25d3c8,0x000000076f580000)
  to   space 10752K, 0% used [0x000000076f580000,0x000000076f580000,0x0000000770000000)
 ParOldGen       total 175104K, used 16K [0x00000006c0000000, 0x00000006cab00000, 0x000000076ab00000)
  object space 175104K, 0% used [0x00000006c0000000,0x00000006c0004000,0x00000006cab00000)
 Metaspace       used 10200K, capacity 10402K, committed 10624K, reserved 1058816K
  class space    used 1295K, capacity 1374K, committed 1408K, reserved 1048576K
}
Event: 5.013 GC heap before
{Heap before GC invocations=2 (full 0):
 PSYoungGen      total 76288K, used 73076K [0x000000076ab00000, 0x0000000770000000, 0x00000007c0000000)
  eden space 65536K, 100% used [0x000000076ab00000,0x000000076eb00000,0x000000076eb00000)
  from space 10752K, 70% used [0x000000076eb00000,0x000000076f25d3c8,0x000000076f580000)
  to   space 10752K, 0% used [0x000000076f580000,0x000000076f580000,0x0000000770000000)
 ParOldGen       total 175104K, used 16K [0x00000006c0000000, 0x00000006cab00000, 0x000000076ab00000)
  object space 175104K, 0% used [0x00000006c0000000,0x00000006c0004000,0x00000006cab00000)
 Metaspace       used 12772K, capacity 12996K, committed 13184K, reserved 1060864K
  class space    used 1525K, capacity 1616K, committed 1664K, reserved 1048576K
Event: 5.026 GC heap after
Heap after GC invocations=2 (full 0):
 PSYoungGen      total 76288K, used 7103K [0x000000076ab00000, 0x0000000770000000, 0x00000007c0000000)
  eden space 65536K, 0% used [0x000000076ab00000,0x000000076ab00000,0x000000076eb00000)
  from space 10752K, 66% used [0x000000076f580000,0x000000076fc6fcf8,0x0000000770000000)
  to   space 10752K, 0% used [0x000000076eb00000,0x000000076eb00000,0x000000076f580000)
 ParOldGen       total 175104K, used 32K [0x00000006c0000000, 0x00000006cab00000, 0x000000076ab00000)
  object space 175104K, 0% used [0x00000006c0000000,0x00000006c0008000,0x00000006cab00000)
 Metaspace       used 12772K, capacity 12996K, committed 13184K, reserved 1060864K
  class space    used 1525K, capacity 1616K, committed 1664K, reserved 1048576K
}

Deoptimization events (10 events):
Event: 5.422 Thread 0x00007f85f2000800 Uncommon trap: reason=bimorphic action=maybe_recompile pc=0x000000010687cc84 method=java.util.concurrent.ConcurrentHashMap.get(Ljava/lang/Object;)Ljava/lang/Object; @ 149
Event: 5.431 Thread 0x00007f85f2000800 Uncommon trap: reason=bimorphic action=maybe_recompile pc=0x000000010687cc84 method=java.util.concurrent.ConcurrentHashMap.get(Ljava/lang/Object;)Ljava/lang/Object; @ 149
Event: 5.437 Thread 0x00007f85f2000800 Uncommon trap: reason=bimorphic action=maybe_recompile pc=0x000000010687cc84 method=java.util.concurrent.ConcurrentHashMap.get(Ljava/lang/Object;)Ljava/lang/Object; @ 149
Event: 5.589 Thread 0x00007f85f2000800 Uncommon trap: reason=bimorphic action=maybe_recompile pc=0x0000000106aa4714 method=java.util.regex.Pattern$Curly.match0(Ljava/util/regex/Matcher;IILjava/lang/CharSequence;)Z @ 170
Event: 5.589 Thread 0x00007f85f2000800 Uncommon trap: reason=bimorphic action=maybe_recompile pc=0x0000000106aa4714 method=java.util.regex.Pattern$Curly.match0(Ljava/util/regex/Matcher;IILjava/lang/CharSequence;)Z @ 170
Event: 5.592 Thread 0x00007f85f2000800 Uncommon trap: reason=bimorphic action=maybe_recompile pc=0x0000000106aa4714 method=java.util.regex.Pattern$Curly.match0(Ljava/util/regex/Matcher;IILjava/lang/CharSequence;)Z @ 170
Event: 5.592 Thread 0x00007f85f2000800 Uncommon trap: reason=bimorphic action=maybe_recompile pc=0x0000000106aa4714 method=java.util.regex.Pattern$Curly.match0(Ljava/util/regex/Matcher;IILjava/lang/CharSequence;)Z @ 170
Event: 6.029 Thread 0x00007f85f2000800 Uncommon trap: reason=speculate_class_check action=maybe_recompile pc=0x0000000106a89848 method=java.nio.charset.CharsetDecoder.decode(Ljava/nio/ByteBuffer;Ljava/nio/CharBuffer;Z)Ljava/nio/charset/CoderResult; @ 57
Event: 6.029 Thread 0x00007f85f2000800 Uncommon trap: reason=speculate_class_check action=maybe_recompile pc=0x0000000106a89848 method=java.nio.charset.CharsetDecoder.decode(Ljava/nio/ByteBuffer;Ljava/nio/CharBuffer;Z)Ljava/nio/charset/CoderResult; @ 57
Event: 6.034 Thread 0x00007f85f2000800 Uncommon trap: reason=unreached action=reinterpret pc=0x0000000106c137a4 method=org.sonatype.aether.util.graph.transformer.NearestVersionConflictResolver.selectVersion(Lorg/sonatype/aether/graph/DependencyNode;Lorg/sonatype/aether/graph/DependencyNode;ILj

Internal exceptions (10 events):
Event: 6.140 Thread 0x00007f85f2000800 Exception <a 'java/security/PrivilegedActionException'> (0x000000076df62358) thrown at [/HUDSON3/workspace/8-2-build-macosx-x86_64/jdk8u20/1074/hotspot/src/share/vm/prims/jvm.cpp, line 1275]
Event: 6.141 Thread 0x00007f85f2000800 Exception <a 'java/security/PrivilegedActionException'> (0x000000076df66a08) thrown at [/HUDSON3/workspace/8-2-build-macosx-x86_64/jdk8u20/1074/hotspot/src/share/vm/prims/jvm.cpp, line 1275]
Event: 6.141 Thread 0x00007f85f2000800 Exception <a 'java/security/PrivilegedActionException'> (0x000000076df6b610) thrown at [/HUDSON3/workspace/8-2-build-macosx-x86_64/jdk8u20/1074/hotspot/src/share/vm/prims/jvm.cpp, line 1275]
Event: 6.142 Thread 0x00007f85f2000800 Exception <a 'java/security/PrivilegedActionException'> (0x000000076df6f310) thrown at [/HUDSON3/workspace/8-2-build-macosx-x86_64/jdk8u20/1074/hotspot/src/share/vm/prims/jvm.cpp, line 1275]
Event: 6.143 Thread 0x00007f85f2000800 Exception <a 'java/security/PrivilegedActionException'> (0x000000076dfa3e80) thrown at [/HUDSON3/workspace/8-2-build-macosx-x86_64/jdk8u20/1074/hotspot/src/share/vm/prims/jvm.cpp, line 1275]
Event: 6.143 Thread 0x00007f85f2000800 Exception <a 'java/security/PrivilegedActionException'> (0x000000076dfa92a0) thrown at [/HUDSON3/workspace/8-2-build-macosx-x86_64/jdk8u20/1074/hotspot/src/share/vm/prims/jvm.cpp, line 1275]
Event: 6.144 Thread 0x00007f85f2000800 Exception <a 'java/security/PrivilegedActionException'> (0x000000076dfb0990) thrown at [/HUDSON3/workspace/8-2-build-macosx-x86_64/jdk8u20/1074/hotspot/src/share/vm/prims/jvm.cpp, line 1275]
Event: 6.153 Thread 0x00007f85f2000800 Exception <a 'java/security/PrivilegedActionException'> (0x000000076dfdbeb8) thrown at [/HUDSON3/workspace/8-2-build-macosx-x86_64/jdk8u20/1074/hotspot/src/share/vm/prims/jvm.cpp, line 1275]
Event: 6.153 Thread 0x00007f85f2000800 Exception <a 'java/security/PrivilegedActionException'> (0x000000076dfe07d0) thrown at [/HUDSON3/workspace/8-2-build-macosx-x86_64/jdk8u20/1074/hotspot/src/share/vm/prims/jvm.cpp, line 1275]
Event: 110.592 Thread 0x00007f85f1604800 Implicit null exception at 0x0000000106c5cfdd to 0x0000000000000000

Events (10 events):
Event: 6.153 loading class org/apache/commons/exec/InputStreamPumper done
Event: 6.153 loading class org/apache/commons/exec/InputStreamPumper
Event: 6.153 loading class org/apache/commons/exec/InputStreamPumper done
Event: 6.153 loading class org/apache/commons/exec/StreamPumper
Event: 6.153 loading class org/apache/commons/exec/StreamPumper done
Event: 6.153 loading class org/apache/commons/exec/StreamPumper
Event: 6.153 loading class org/apache/commons/exec/StreamPumper done
Event: 6.154 Thread 0x00007f85f1604800 Thread added: 0x00007f85f1604800
Event: 6.154 Thread 0x00007f85f1d7d000 Thread added: 0x00007f85f1d7d000
Event: 6.154 Thread 0x00007f85f13c0800 Thread added: 0x00007f85f13c0800


Dynamic libraries:
0x000000000b0d2000 	/System/Library/Frameworks/Cocoa.framework/Versions/A/Cocoa
0x000000000b0d2000 	/System/Library/Frameworks/Security.framework/Versions/A/Security
0x000000000b0d2000 	/System/Library/Frameworks/ApplicationServices.framework/Versions/A/ApplicationServices
0x000000000b0d2000 	/usr/lib/libz.1.dylib
0x000000000b0d2000 	/usr/lib/libSystem.B.dylib
0x000000000b0d2000 	/usr/lib/libobjc.A.dylib
0x000000000b0d2000 	/System/Library/Frameworks/CoreFoundation.framework/Versions/A/CoreFoundation
0x000000000b0d2000 	/System/Library/Frameworks/Foundation.framework/Versions/C/Foundation
0x000000000b0d2000 	/System/Library/Frameworks/AppKit.framework/Versions/C/AppKit
0x000000000b0d2000 	/System/Library/Frameworks/CoreData.framework/Versions/A/CoreData
0x000000000b0d2000 	/System/Library/PrivateFrameworks/RemoteViewServices.framework/Versions/A/RemoteViewServices
0x000000000b0d2000 	/System/Library/PrivateFrameworks/UIFoundation.framework/Versions/A/UIFoundation
0x000000000b0d2000 	/usr/lib/libScreenReader.dylib
0x000000000b0d2000 	/System/Library/Frameworks/Accelerate.framework/Versions/A/Accelerate
0x000000000b0d2000 	/System/Library/Frameworks/IOSurface.framework/Versions/A/IOSurface
0x000000000b0d2000 	/System/Library/Frameworks/AudioToolbox.framework/Versions/A/AudioToolbox
0x000000000b0d2000 	/System/Library/Frameworks/AudioUnit.framework/Versions/A/AudioUnit
0x000000000b0d2000 	/System/Library/PrivateFrameworks/DataDetectorsCore.framework/Versions/A/DataDetectorsCore
0x000000000b0d2000 	/System/Library/PrivateFrameworks/DesktopServicesPriv.framework/Versions/A/DesktopServicesPriv
0x000000000b0d2000 	/System/Library/Frameworks/Carbon.framework/Versions/A/Frameworks/HIToolbox.framework/Versions/A/HIToolbox
0x000000000b0d2000 	/System/Library/Frameworks/QuartzCore.framework/Versions/A/QuartzCore
0x000000000b0d2000 	/System/Library/Frameworks/Carbon.framework/Versions/A/Frameworks/SpeechRecognition.framework/Versions/A/SpeechRecognition
0x000000000b0d2000 	/usr/lib/libauto.dylib
0x000000000b0d2000 	/usr/lib/libicucore.A.dylib
0x000000000b0d2000 	/usr/lib/libxml2.2.dylib
0x000000000b0d2000 	/System/Library/PrivateFrameworks/CoreUI.framework/Versions/A/CoreUI
0x000000000b0d2000 	/System/Library/Frameworks/CoreAudio.framework/Versions/A/CoreAudio
0x000000000b0d2000 	/System/Library/Frameworks/DiskArbitration.framework/Versions/A/DiskArbitration
0x000000000b0d2000 	/usr/lib/liblangid.dylib
0x000000000b0d2000 	/System/Library/PrivateFrameworks/MultitouchSupport.framework/Versions/A/MultitouchSupport
0x000000000b0d2000 	/System/Library/Frameworks/IOKit.framework/Versions/A/IOKit
0x000000000b0d2000 	/usr/lib/libDiagnosticMessagesClient.dylib
0x000000000b0d2000 	/System/Library/Frameworks/CoreServices.framework/Versions/A/CoreServices
0x000000000b0d2000 	/System/Library/PrivateFrameworks/PerformanceAnalysis.framework/Versions/A/PerformanceAnalysis
0x000000000b0d2000 	/System/Library/PrivateFrameworks/GenerationalStorage.framework/Versions/A/GenerationalStorage
0x000000000b0d2000 	/System/Library/Frameworks/OpenGL.framework/Versions/A/OpenGL
0x000000000b0d2000 	/System/Library/PrivateFrameworks/Sharing.framework/Versions/A/Sharing
0x000000000b0d2000 	/System/Library/Frameworks/CoreGraphics.framework/Versions/A/CoreGraphics
0x000000000b0d2000 	/System/Library/Frameworks/CoreImage.framework/Versions/A/CoreImage
0x000000000b0d2000 	/System/Library/Frameworks/CoreText.framework/Versions/A/CoreText
0x000000000b0d2000 	/System/Library/Frameworks/ImageIO.framework/Versions/A/ImageIO
0x000000000b0d2000 	/System/Library/PrivateFrameworks/Backup.framework/Versions/A/Backup
0x000000000b0d2000 	/usr/lib/libextension.dylib
0x000000000b0d2000 	/usr/lib/libarchive.2.dylib
0x000000000b0d2000 	/System/Library/Frameworks/CFNetwork.framework/Versions/A/CFNetwork
0x000000000b0d2000 	/System/Library/Frameworks/SystemConfiguration.framework/Versions/A/SystemConfiguration
0x000000000b0d2000 	/usr/lib/libCRFSuite.dylib
0x000000000b0d2000 	/usr/lib/libc++.1.dylib
0x000000000b0d2000 	/usr/lib/libc++abi.dylib
0x000000000b0d2000 	/usr/lib/system/libcache.dylib
0x000000000b0d2000 	/usr/lib/system/libcommonCrypto.dylib
0x000000000b0d2000 	/usr/lib/system/libcompiler_rt.dylib
0x000000000b0d2000 	/usr/lib/system/libcopyfile.dylib
0x000000000b0d2000 	/usr/lib/system/libcorecrypto.dylib
0x000000000b0d2000 	/usr/lib/system/libdispatch.dylib
0x000000000b0d2000 	/usr/lib/system/libdyld.dylib
0x000000000b0d2000 	/usr/lib/system/libkeymgr.dylib
0x000000000b0d2000 	/usr/lib/system/liblaunch.dylib
0x000000000b0d2000 	/usr/lib/system/libmacho.dylib
0x000000000b0d2000 	/usr/lib/system/libquarantine.dylib
0x000000000b0d2000 	/usr/lib/system/libremovefile.dylib
0x000000000b0d2000 	/usr/lib/system/libsystem_asl.dylib
0x000000000b0d2000 	/usr/lib/system/libsystem_blocks.dylib
0x000000000b0d2000 	/usr/lib/system/libsystem_c.dylib
0x000000000b0d2000 	/usr/lib/system/libsystem_configuration.dylib
0x000000000b0d2000 	/usr/lib/system/libsystem_coreservices.dylib
0x000000000b0d2000 	/usr/lib/system/libsystem_coretls.dylib
0x000000000b0d2000 	/usr/lib/system/libsystem_dnssd.dylib
0x000000000b0d2000 	/usr/lib/system/libsystem_info.dylib
0x000000000b0d2000 	/usr/lib/system/libsystem_kernel.dylib
0x000000000b0d2000 	/usr/lib/system/libsystem_m.dylib
0x000000000b0d2000 	/usr/lib/system/libsystem_malloc.dylib
0x000000000b0d2000 	/usr/lib/system/libsystem_network.dylib
0x000000000b0d2000 	/usr/lib/system/libsystem_networkextension.dylib
0x000000000b0d2000 	/usr/lib/system/libsystem_notify.dylib
0x000000000b0d2000 	/usr/lib/system/libsystem_platform.dylib
0x000000000b0d2000 	/usr/lib/system/libsystem_pthread.dylib
0x000000000b0d2000 	/usr/lib/system/libsystem_sandbox.dylib
0x000000000b0d2000 	/usr/lib/system/libsystem_secinit.dylib
0x000000000b0d2000 	/usr/lib/system/libsystem_trace.dylib
0x000000000b0d2000 	/usr/lib/system/libunc.dylib
0x000000000b0d2000 	/usr/lib/system/libunwind.dylib
0x000000000b0d2000 	/usr/lib/system/libxpc.dylib
0x000000000b0d2000 	/usr/lib/libenergytrace.dylib
0x000000000b0d2000 	/usr/lib/libbsm.0.dylib
0x000000000b0d2000 	/usr/lib/system/libkxld.dylib
0x000000000b0d2000 	/usr/lib/libxar.1.dylib
0x000000000b0d2000 	/usr/lib/libsqlite3.dylib
0x000000000b0d2000 	/usr/lib/libpam.2.dylib
0x000000000b0d2000 	/usr/lib/libOpenScriptingUtil.dylib
0x000000000b0d2000 	/usr/lib/libbz2.1.0.dylib
0x000000000b0d2000 	/usr/lib/liblzma.5.dylib
0x000000000b0d2000 	/System/Library/Frameworks/CoreServices.framework/Versions/A/Frameworks/FSEvents.framework/Versions/A/FSEvents
0x000000000b0d2000 	/System/Library/Frameworks/CoreServices.framework/Versions/A/Frameworks/CarbonCore.framework/Versions/A/CarbonCore
0x000000000b0d2000 	/System/Library/Frameworks/CoreServices.framework/Versions/A/Frameworks/Metadata.framework/Versions/A/Metadata
0x000000000b0d2000 	/System/Library/Frameworks/CoreServices.framework/Versions/A/Frameworks/OSServices.framework/Versions/A/OSServices
0x000000000b0d2000 	/System/Library/Frameworks/CoreServices.framework/Versions/A/Frameworks/SearchKit.framework/Versions/A/SearchKit
0x000000000b0d2000 	/System/Library/Frameworks/CoreServices.framework/Versions/A/Frameworks/AE.framework/Versions/A/AE
0x000000000b0d2000 	/System/Library/Frameworks/CoreServices.framework/Versions/A/Frameworks/LaunchServices.framework/Versions/A/LaunchServices
0x000000000b0d2000 	/System/Library/Frameworks/CoreServices.framework/Versions/A/Frameworks/DictionaryServices.framework/Versions/A/DictionaryServices
0x000000000b0d2000 	/System/Library/Frameworks/CoreServices.framework/Versions/A/Frameworks/SharedFileList.framework/Versions/A/SharedFileList
0x000000000b0d2000 	/System/Library/Frameworks/NetFS.framework/Versions/A/NetFS
0x000000000b0d2000 	/System/Library/PrivateFrameworks/NetAuth.framework/Versions/A/NetAuth
0x000000000b0d2000 	/System/Library/PrivateFrameworks/login.framework/Versions/A/Frameworks/loginsupport.framework/Versions/A/loginsupport
0x000000000b0d2000 	/System/Library/PrivateFrameworks/TCC.framework/Versions/A/TCC
0x000000000b0d2000 	/usr/lib/libmecabra.dylib
0x000000000b0d2000 	/System/Library/Frameworks/ApplicationServices.framework/Versions/A/Frameworks/ATS.framework/Versions/A/ATS
0x000000000b0d2000 	/System/Library/Frameworks/ApplicationServices.framework/Versions/A/Frameworks/ColorSync.framework/Versions/A/ColorSync
0x000000000b0d2000 	/System/Library/Frameworks/ApplicationServices.framework/Versions/A/Frameworks/HIServices.framework/Versions/A/HIServices
0x000000000b0d2000 	/System/Library/Frameworks/ApplicationServices.framework/Versions/A/Frameworks/LangAnalysis.framework/Versions/A/LangAnalysis
0x000000000b0d2000 	/System/Library/Frameworks/ApplicationServices.framework/Versions/A/Frameworks/PrintCore.framework/Versions/A/PrintCore
0x000000000b0d2000 	/System/Library/Frameworks/ApplicationServices.framework/Versions/A/Frameworks/QD.framework/Versions/A/QD
0x000000000b0d2000 	/System/Library/Frameworks/ApplicationServices.framework/Versions/A/Frameworks/SpeechSynthesis.framework/Versions/A/SpeechSynthesis
0x000000000b0d2000 	/System/Library/Frameworks/Metal.framework/Versions/A/Metal
0x000000000b0d2000 	/System/Library/Frameworks/Accelerate.framework/Versions/A/Frameworks/vImage.framework/Versions/A/vImage
0x000000000b0d2000 	/System/Library/Frameworks/Accelerate.framework/Versions/A/Frameworks/vecLib.framework/Versions/A/vecLib
0x000000000b0d2000 	/System/Library/Frameworks/Accelerate.framework/Versions/A/Frameworks/vecLib.framework/Versions/A/libvDSP.dylib
0x000000000b0d2000 	/System/Library/Frameworks/Accelerate.framework/Versions/A/Frameworks/vecLib.framework/Versions/A/libvMisc.dylib
0x000000000b0d2000 	/System/Library/Frameworks/Accelerate.framework/Versions/A/Frameworks/vecLib.framework/Versions/A/libLAPACK.dylib
0x000000000b0d2000 	/System/Library/Frameworks/Accelerate.framework/Versions/A/Frameworks/vecLib.framework/Versions/A/libBLAS.dylib
0x000000000b0d2000 	/System/Library/Frameworks/Accelerate.framework/Versions/A/Frameworks/vecLib.framework/Versions/A/libLinearAlgebra.dylib
0x000000000b0d2000 	/System/Library/Frameworks/Accelerate.framework/Versions/A/Frameworks/vecLib.framework/Versions/A/libSparseBLAS.dylib
0x000000000b0d2000 	/System/Library/PrivateFrameworks/GPUCompiler.framework/libmetal_timestamp.dylib
0x000000000b0d2000 	/System/Library/Frameworks/OpenGL.framework/Versions/A/Libraries/libCoreFSCache.dylib
0x000000000b0d2000 	/System/Library/PrivateFrameworks/IOAccelerator.framework/Versions/A/IOAccelerator
0x000000000b0d2000 	/System/Library/Frameworks/ApplicationServices.framework/Versions/A/Frameworks/ATS.framework/Versions/A/Resources/libFontParser.dylib
0x000000000b0d2000 	/System/Library/Frameworks/ApplicationServices.framework/Versions/A/Frameworks/ATS.framework/Versions/A/Resources/libFontRegistry.dylib
0x000000000b0d2000 	/System/Library/PrivateFrameworks/AppleVPA.framework/Versions/A/AppleVPA
0x000000000b0d2000 	/System/Library/PrivateFrameworks/AppleJPEG.framework/Versions/A/AppleJPEG
0x000000000b0d2000 	/System/Library/Frameworks/ImageIO.framework/Versions/A/Resources/libJPEG.dylib
0x000000000b0d2000 	/System/Library/Frameworks/ImageIO.framework/Versions/A/Resources/libTIFF.dylib
0x000000000b0d2000 	/System/Library/Frameworks/ImageIO.framework/Versions/A/Resources/libPng.dylib
0x000000000b0d2000 	/System/Library/Frameworks/ImageIO.framework/Versions/A/Resources/libGIF.dylib
0x000000000b0d2000 	/System/Library/Frameworks/ImageIO.framework/Versions/A/Resources/libJP2.dylib
0x000000000b0d2000 	/System/Library/Frameworks/ImageIO.framework/Versions/A/Resources/libRadiance.dylib
0x000000000b0d2000 	/System/Library/Frameworks/CoreVideo.framework/Versions/A/CoreVideo
0x000000000b0d2000 	/System/Library/Frameworks/OpenGL.framework/Versions/A/Libraries/libGLU.dylib
0x000000000b0d2000 	/System/Library/Frameworks/OpenGL.framework/Versions/A/Libraries/libGFXShared.dylib
0x000000000b0d2000 	/System/Library/Frameworks/OpenGL.framework/Versions/A/Libraries/libGL.dylib
0x000000000b0d2000 	/System/Library/Frameworks/OpenGL.framework/Versions/A/Libraries/libGLImage.dylib
0x000000000b0d2000 	/System/Library/Frameworks/OpenGL.framework/Versions/A/Libraries/libCVMSPluginSupport.dylib
0x000000000b0d2000 	/System/Library/Frameworks/OpenGL.framework/Versions/A/Libraries/libCoreVMClient.dylib
0x000000000b0d2000 	/usr/lib/libcompression.dylib
0x000000000b0d2000 	/usr/lib/libcups.2.dylib
0x000000000b0d2000 	/System/Library/Frameworks/Kerberos.framework/Versions/A/Kerberos
0x000000000b0d2000 	/System/Library/Frameworks/GSS.framework/Versions/A/GSS
0x000000000b0d2000 	/usr/lib/libresolv.9.dylib
0x000000000b0d2000 	/usr/lib/libiconv.2.dylib
0x000000000b0d2000 	/System/Library/PrivateFrameworks/Heimdal.framework/Versions/A/Heimdal
0x000000000b0d2000 	/usr/lib/libheimdal-asn1.dylib
0x000000000b0d2000 	/System/Library/Frameworks/OpenDirectory.framework/Versions/A/OpenDirectory
0x000000000b0d2000 	/System/Library/PrivateFrameworks/CommonAuth.framework/Versions/A/CommonAuth
0x000000000b0d2000 	/System/Library/Frameworks/OpenDirectory.framework/Versions/A/Frameworks/CFOpenDirectory.framework/Versions/A/CFOpenDirectory
0x000000000b0d2000 	/System/Library/Frameworks/SecurityFoundation.framework/Versions/A/SecurityFoundation
0x000000000b0d2000 	/System/Library/PrivateFrameworks/LanguageModeling.framework/Versions/A/LanguageModeling
0x000000000b0d2000 	/usr/lib/libmarisa.dylib
0x000000000b0d2000 	/usr/lib/libChineseTokenizer.dylib
0x000000000b0d2000 	/usr/lib/libcmph.dylib
0x000000000b0d2000 	/System/Library/Frameworks/ServiceManagement.framework/Versions/A/ServiceManagement
0x000000000b0d2000 	/usr/lib/libxslt.1.dylib
0x000000000b0d2000 	/System/Library/Frameworks/Carbon.framework/Versions/A/Frameworks/Ink.framework/Versions/A/Ink
0x000000000b0d2000 	/usr/lib/libFosl_dynamic.dylib
0x000000000b0d2000 	/System/Library/PrivateFrameworks/FaceCore.framework/Versions/A/FaceCore
0x000000000b0d2000 	/System/Library/Frameworks/OpenCL.framework/Versions/A/OpenCL
0x000000000b0d2000 	/System/Library/PrivateFrameworks/CrashReporterSupport.framework/Versions/A/CrashReporterSupport
0x000000000b0d2000 	/System/Library/PrivateFrameworks/IconServices.framework/Versions/A/IconServices
0x000000000b0d2000 	/System/Library/PrivateFrameworks/Apple80211.framework/Versions/A/Apple80211
0x000000000b0d2000 	/System/Library/Frameworks/CoreWLAN.framework/Versions/A/CoreWLAN
0x000000000b0d2000 	/System/Library/Frameworks/IOBluetooth.framework/Versions/A/IOBluetooth
0x000000000b0d2000 	/System/Library/PrivateFrameworks/CoreWiFi.framework/Versions/A/CoreWiFi
0x000000000b0d2000 	/System/Library/Frameworks/CoreBluetooth.framework/Versions/A/CoreBluetooth
0x000000000b0d2000 	/System/Library/PrivateFrameworks/ChunkingLibrary.framework/Versions/A/ChunkingLibrary
0x000000000b0d2000 	/System/Library/PrivateFrameworks/DebugSymbols.framework/Versions/A/DebugSymbols
0x000000000b0d2000 	/System/Library/PrivateFrameworks/CoreSymbolication.framework/Versions/A/CoreSymbolication
0x000000000b0d2000 	/System/Library/PrivateFrameworks/Symbolication.framework/Versions/A/Symbolication
0x000000000b0d2000 	/System/Library/PrivateFrameworks/SpeechRecognitionCore.framework/Versions/A/SpeechRecognitionCore
0x0000000104af6000 	/Library/Java/JavaVirtualMachines/jdk1.8.0_20.jdk/Contents/Home/jre/lib/server/libjvm.dylib
0x000000000b0d2000 	/usr/lib/libstdc++.6.dylib
0x0000000105a15000 	/Library/Java/JavaVirtualMachines/jdk1.8.0_20.jdk/Contents/Home/jre/lib/libverify.dylib
0x0000000105a23000 	/Library/Java/JavaVirtualMachines/jdk1.8.0_20.jdk/Contents/Home/jre/lib/libjava.dylib
0x0000000105a61000 	/Library/Java/JavaVirtualMachines/jdk1.8.0_20.jdk/Contents/Home/jre/lib/libzip.dylib
0x00000001206a9000 	/System/Library/Frameworks/JavaVM.framework/Frameworks/JavaRuntimeSupport.framework/JavaRuntimeSupport
0x00000001206c4000 	/System/Library/Frameworks/JavaVM.framework/Versions/A/Frameworks/JavaNativeFoundation.framework/Versions/A/JavaNativeFoundation
0x00000001206d9000 	/System/Library/Frameworks/JavaVM.framework/Versions/A/JavaVM
0x000000000b0d2000 	/System/Library/Frameworks/Carbon.framework/Versions/A/Carbon
0x0000000105bf4000 	/System/Library/PrivateFrameworks/JavaLaunching.framework/Versions/A/JavaLaunching
0x000000000b0d2000 	/System/Library/Frameworks/Carbon.framework/Versions/A/Frameworks/CommonPanels.framework/Versions/A/CommonPanels
0x000000000b0d2000 	/System/Library/Frameworks/Carbon.framework/Versions/A/Frameworks/Help.framework/Versions/A/Help
0x000000000b0d2000 	/System/Library/Frameworks/Carbon.framework/Versions/A/Frameworks/ImageCapture.framework/Versions/A/ImageCapture
0x000000000b0d2000 	/System/Library/Frameworks/Carbon.framework/Versions/A/Frameworks/OpenScripting.framework/Versions/A/OpenScripting
0x000000000b0d2000 	/System/Library/Frameworks/Carbon.framework/Versions/A/Frameworks/Print.framework/Versions/A/Print
0x000000000b0d2000 	/System/Library/Frameworks/Carbon.framework/Versions/A/Frameworks/SecurityHI.framework/Versions/A/SecurityHI
0x000000012220b000 	/Library/Java/JavaVirtualMachines/jdk1.8.0_20.jdk/Contents/Home/jre/lib/libnet.dylib
0x0000000122222000 	/Library/Java/JavaVirtualMachines/jdk1.8.0_20.jdk/Contents/Home/jre/lib/libnio.dylib

VM Arguments:
jvm_args: -Dclassworlds.conf=/Applications/NetBeans/NetBeans 8.0.2.app/Contents/Resources/NetBeans/java/maven/bin/m2.conf -Dmaven.home=/Applications/NetBeans/NetBeans 8.0.2.app/Contents/Resources/NetBeans/java/maven 
java_command: org.codehaus.plexus.classworlds.launcher.Launcher -Dexec.args=-classpath %classpath deeplearning4j.MLPClassifier -Dexec.executable=/Library/Java/JavaVirtualMachines/jdk1.8.0_20.jdk/Contents/Home/bin/java -Dexec.classpathScope=runtime -Dmaven.ext.class.path=/Applications/NetBeans/NetBeans 8.0.2.app/Contents/Resources/NetBeans/java/maven-nblib/netbeans-eventspy.jar org.codehaus.mojo:exec-maven-plugin:1.2.1:exec
java_class_path (initial): /Applications/NetBeans/NetBeans 8.0.2.app/Contents/Resources/NetBeans/java/maven/boot/plexus-classworlds-2.4.jar
Launcher Type: SUN_STANDARD

Environment Variables:
JAVA_HOME=/Library/Java/JavaVirtualMachines/jdk1.8.0_20.jdk/Contents/Home
PATH=/usr/bin:/bin:/usr/sbin:/sbin
SHELL=/bin/bash
DISPLAY=/private/tmp/com.apple.launchd.igBklIFN3j/org.macosforge.xquartz:0

Signal Handlers:
SIGSEGV: [libjvm.dylib+0x578fd7], sa_mask[0]=11111111011111110111111111111111, sa_flags=SA_ONSTACK|SA_RESTART|SA_SIGINFO
SIGBUS: [libjvm.dylib+0x578fd7], sa_mask[0]=11111111011111110111111111111111, sa_flags=SA_RESTART|SA_SIGINFO
SIGFPE: [libjvm.dylib+0x45ab0c], sa_mask[0]=11111111011111110111111111111111, sa_flags=SA_RESTART|SA_SIGINFO
SIGPIPE: [libjvm.dylib+0x45ab0c], sa_mask[0]=11111111011111110111111111111111, sa_flags=SA_RESTART|SA_SIGINFO
SIGXFSZ: [libjvm.dylib+0x45ab0c], sa_mask[0]=11111111011111110111111111111111, sa_flags=SA_RESTART|SA_SIGINFO
SIGILL: [libjvm.dylib+0x45ab0c], sa_mask[0]=11111111011111110111111111111111, sa_flags=SA_RESTART|SA_SIGINFO
SIGUSR1: SIG_DFL, sa_mask[0]=00000000000000000000000000000000, sa_flags=none
SIGUSR2: [libjvm.dylib+0x45a62a], sa_mask[0]=00100000000000000000000000000000, sa_flags=SA_RESTART|SA_SIGINFO
SIGHUP: [libjvm.dylib+0x458bfd], sa_mask[0]=11111111011111110111111111111111, sa_flags=SA_RESTART|SA_SIGINFO
SIGINT: SIG_IGN, sa_mask[0]=00000000000000000000000000000000, sa_flags=none
SIGTERM: [libjvm.dylib+0x458bfd], sa_mask[0]=11111111011111110111111111111111, sa_flags=SA_RESTART|SA_SIGINFO
SIGQUIT: [libjvm.dylib+0x458bfd], sa_mask[0]=11111111011111110111111111111111, sa_flags=SA_RESTART|SA_SIGINFO


---------------  S Y S T E M  ---------------

OS:Bsduname:Darwin 15.6.0 Darwin Kernel Version 15.6.0: Thu Jun 23 18:25:34 PDT 2016; root:xnu-3248.60.10~1/RELEASE_X86_64 x86_64
rlimit: STACK 8192k, CORE 0k, NPROC 709, NOFILE 10240, AS infinity
load average:9.36 8.43 8.06

CPU:total 4 (2 cores per cpu, 2 threads per core) family 6 model 58 stepping 9, cmov, cx8, fxsr, mmx, sse, sse2, sse3, ssse3, sse4.1, sse4.2, popcnt, avx, aes, clmul, erms, ht, tsc, tscinvbit, tscinv

Memory: 4k page, physical 16777216k(1354472k free)

/proc/meminfo:


vm_info: Java HotSpot(TM) 64-Bit Server VM (25.20-b23) for bsd-amd64 JRE (1.8.0_20-b26), built on Jul 30 2014 13:37:47 by "java_re" with gcc 4.2.1 (Based on Apple Inc. build 5658) (LLVM build 2336.9.00)

time: Tue Aug 23 15:22:24 2016
elapsed time: 110 seconds (0d 0h 1m 50s)

