#
# There is insufficient memory for the Java Runtime Environment to continue.
# Native memory allocation (malloc) failed to allocate 43616 bytes for Chunk::new
# Possible reasons:
#   The system is out of physical RAM or swap space
#   In 32 bit mode, the process size limit was hit
# Possible solutions:
#   Reduce memory load on the system
#   Increase physical memory or swap space
#   Check if swap backing store is full
#   Use 64 bit Java on a 64 bit OS
#   Decrease Java heap size (-Xmx/-Xms)
#   Decrease number of Java threads
#   Decrease Java thread stack sizes (-Xss)
#   Set larger code cache with -XX:ReservedCodeCacheSize=
# This output file may be truncated or incomplete.
#
#  Out of Memory Error (allocation.cpp:390), pid=7852, tid=5332
#
# JRE version: Java(TM) SE Runtime Environment (8.0_66-b17) (build 1.8.0_66-b17)
# Java VM: Java HotSpot(TM) 64-Bit Server VM (25.66-b17 mixed mode windows-amd64 compressed oops)
# Failed to write core dump. 
#

---------------  T H R E A D  ---------------

Current thread (0x000000003c742000):  JavaThread "C2 CompilerThread6" daemon [_thread_in_native, id=5332, stack(0x0000000040170000,0x0000000040270000)]

Stack: [0x0000000040170000,0x0000000040270000]
[error occurred during error reporting (printing stack bounds), id 0xc0000005]

Native frames: (J=compiled Java code, j=interpreted, Vv=VM code, C=native code)


Current CompileTask:
C2:    702  275       4       java.lang.String::replace (127 bytes)


---------------  P R O C E S S  ---------------

Java Threads: ( => current thread )
  0x000000003c797800 JavaThread "Service Thread" daemon [_thread_blocked, id=4944, stack(0x0000000041140000,0x0000000041240000)]
  0x000000003c789800 JavaThread "C1 CompilerThread14" daemon [_thread_in_vm, id=5404, stack(0x0000000040f40000,0x0000000041040000)]
  0x000000003c789000 JavaThread "C1 CompilerThread13" daemon [_thread_blocked, id=4552, stack(0x0000000040bc0000,0x0000000040cc0000)]
  0x000000003c780000 JavaThread "C1 CompilerThread12" daemon [_thread_blocked, id=2832, stack(0x0000000040d20000,0x0000000040e20000)]
  0x000000003c76d800 JavaThread "C1 CompilerThread11" daemon [_thread_in_native, id=9176, stack(0x0000000040a40000,0x0000000040b40000)]
  0x000000003c76a800 JavaThread "C1 CompilerThread10" daemon [_thread_in_native, id=2996, stack(0x0000000040860000,0x0000000040960000)]
  0x000000003c762000 JavaThread "C2 CompilerThread9" daemon [_thread_blocked, id=3056, stack(0x0000000040730000,0x0000000040830000)]
  0x000000003c758800 JavaThread "C2 CompilerThread8" daemon [_thread_blocked, id=6548, stack(0x0000000040430000,0x0000000040530000)]
  0x000000003c74c000 JavaThread "C2 CompilerThread7" daemon [_thread_blocked, id=8468, stack(0x00000000402b0000,0x00000000403b0000)]
=>0x000000003c742000 JavaThread "C2 CompilerThread6" daemon [_thread_in_native, id=5332, stack(0x0000000040170000,0x0000000040270000)]
  0x000000003c726800 JavaThread "C2 CompilerThread5" daemon [_thread_in_native, id=6092, stack(0x000000003ff90000,0x0000000040090000)]
  0x000000003c71b000 JavaThread "C2 CompilerThread4" daemon [_thread_blocked, id=8688, stack(0x000000003fe30000,0x000000003ff30000)]
  0x000000003c6ea800 JavaThread "C2 CompilerThread3" daemon [_thread_blocked, id=5696, stack(0x000000003fa90000,0x000000003fb90000)]
  0x000000003c6c5000 JavaThread "C2 CompilerThread2" daemon [_thread_blocked, id=7340, stack(0x000000003fca0000,0x000000003fda0000)]
  0x000000003c6c4800 JavaThread "C2 CompilerThread1" daemon [_thread_blocked, id=6176, stack(0x000000003fb90000,0x000000003fc90000)]
  0x000000003c6bd800 JavaThread "C2 CompilerThread0" daemon [_thread_blocked, id=1988, stack(0x000000003f640000,0x000000003f740000)]
  0x000000003c6bc800 JavaThread "Attach Listener" daemon [_thread_blocked, id=3344, stack(0x000000003f970000,0x000000003fa70000)]
  0x000000003c6bc000 JavaThread "Signal Dispatcher" daemon [_thread_blocked, id=3320, stack(0x000000003f810000,0x000000003f910000)]
  0x000000003c66d000 JavaThread "Finalizer" daemon [_thread_blocked, id=9040, stack(0x000000003f390000,0x000000003f490000)]
  0x000000003c666800 JavaThread "Reference Handler" daemon [_thread_blocked, id=6088, stack(0x000000003f530000,0x000000003f630000)]
  0x0000000002b72800 JavaThread "main" [_thread_in_Java, id=6404, stack(0x00000000027a0000,0x00000000028a0000)]

Other Threads:
  0x000000003a143000 VMThread [stack: 0x000000003f290000,0x000000003f390000] [id=7016]
  0x000000003c7a3000 WatcherThread [stack: 0x0000000040630000,0x0000000040730000] [id=8824]

VM state:not at safepoint (normal execution)

VM Mutex/Monitor currently owned by a thread:  ([mutex/lock_event])
[0x000000000257e330] CodeCache_lock - owner thread: 0x0000000000000000

Heap:
 PSYoungGen      total 305664K, used 36700K [0x000000066ab00000, 0x0000000680000000, 0x00000007c0000000)
  eden space 262144K, 14% used [0x000000066ab00000,0x000000066ced71a0,0x000000067ab00000)
  from space 43520K, 0% used [0x000000067d580000,0x000000067d580000,0x0000000680000000)
  to   space 43520K, 0% used [0x000000067ab00000,0x000000067ab00000,0x000000067d580000)
 ParOldGen       total 699392K, used 0K [0x00000003c0000000, 0x00000003eab00000, 0x000000066ab00000)
  object space 699392K, 0% used [0x00000003c0000000,0x00000003c0000000,0x00000003eab00000)
 Metaspace       used 4883K, capacity 5388K, committed 5504K, reserved 1056768K
  class space    used 555K, capacity 632K, committed 640K, reserved 1048576K

Card table byte_map: [0x0000000012030000,0x0000000014040000] byte_map_base: 0x0000000010230000

Marking Bits: (ParMarkBitMap*) 0x0000000060c9a5b0
 Begin Bits: [0x0000000017610000, 0x0000000027610000)
 End Bits:   [0x0000000027610000, 0x0000000037610000)

Polling page: 0x0000000000130000

CodeCache: size=245760Kb used=3949Kb max_used=3949Kb free=241810Kb
 bounds [0x0000000002c70000, 0x0000000003050000, 0x0000000011c70000]
 total_blobs=564 nmethods=290 adapters=182
 compilation: enabled

Compilation events (10 events):
Event: 0.666 Thread 0x000000003c789000  271       1       java.util.TreeMap::access$100 (5 bytes)
Event: 0.666 Thread 0x000000003c789000 nmethod 271 0x00000000030432d0 code [0x0000000003043420, 0x0000000003043510]
Event: 0.666 Thread 0x000000003c6ea800 nmethod 270 0x0000000003041a10 code [0x0000000003041b60, 0x0000000003041c58]
Event: 0.673 Thread 0x000000003c789800  272       3       java.io.WinNTFileSystem::prefixLength (91 bytes)
Event: 0.674 Thread 0x000000003c789800 nmethod 272 0x0000000003041f50 code [0x0000000003042160, 0x0000000003042da8]
Event: 0.691 Thread 0x000000003c742000  275       4       java.lang.String::replace (127 bytes)
Event: 0.691 Thread 0x000000003c76a800  276       3       java.nio.DirectLongBufferU::get (16 bytes)
Event: 0.691 Thread 0x000000003c76d800  278       3       java.nio.DirectLongBufferU::put (18 bytes)
Event: 0.692 Thread 0x000000003c76a800 nmethod 276 0x0000000003045010 code [0x0000000003045180, 0x00000000030453f0]
Event: 0.692 Thread 0x000000003c76d800 nmethod 278 0x0000000003044b10 code [0x0000000003044c80, 0x0000000003044ef0]

GC Heap History (0 events):
No events

Deoptimization events (0 events):
No events

Internal exceptions (6 events):
Event: 0.236 Thread 0x0000000002b72800 Exception <a 'java/lang/NoSuchMethodError': Method sun.misc.Unsafe.defineClass(Ljava/lang/String;[BII)Ljava/lang/Class; name or signature does not match> (0x000000066ab0d780) thrown at [C:\re\workspace\8-2-build-windows-amd64-cygwin\jdk8u66\4988\hotspot\sr
Event: 0.236 Thread 0x0000000002b72800 Exception <a 'java/lang/NoSuchMethodError': Method sun.misc.Unsafe.prefetchRead(Ljava/lang/Object;J)V name or signature does not match> (0x000000066ab0da68) thrown at [C:\re\workspace\8-2-build-windows-amd64-cygwin\jdk8u66\4988\hotspot\src\share\vm\prims\j–Ÿ…¾­Ý?
Event: 0.464 Thread 0x0000000002b72800 Exception <a 'java/security/PrivilegedActionException'> (0x000000066ad4ced0) thrown at [C:\re\workspace\8-2-build-windows-amd64-cygwin\jdk8u66\4988\hotspot\src\share\vm\prims\jvm.cpp, line 1386]
Event: 0.464 Thread 0x0000000002b72800 Exception <a 'java/security/PrivilegedActionException'> (0x000000066ad4d0e0) thrown at [C:\re\workspace\8-2-build-windows-amd64-cygwin\jdk8u66\4988\hotspot\src\share\vm\prims\jvm.cpp, line 1386]
Event: 0.464 Thread 0x0000000002b72800 Exception <a 'java/security/PrivilegedActionException'> (0x000000066ad51110) thrown at [C:\re\workspace\8-2-build-windows-amd64-cygwin\jdk8u66\4988\hotspot\src\share\vm\prims\jvm.cpp, line 1386]
Event: 0.464 Thread 0x0000000002b72800 Exception <a 'java/security/PrivilegedActionException'> (0x000000066ad51320) thrown at [C:\re\workspace\8-2-build-windows-amd64-cygwin\jdk8u66\4988\hotspot\src\share\vm\prims\jvm.cpp, line 1386]

Events (10 events):
Event: 0.688 loading class com/google/inject/internal/Errors
Event: 0.688 loading class com/google/inject/internal/Errors done
Event: 0.690 loading class com/google/inject/ProvisionException
Event: 0.690 loading class com/google/inject/ProvisionException done
Event: 0.690 loading class com/google/inject/ConfigurationException
Event: 0.690 loading class com/google/inject/ConfigurationException done
Event: 0.691 loading class com/google/inject/CreationException
Event: 0.691 loading class com/google/inject/CreationException done
Event: 0.692 loading class com/google/inject/internal/Errors$2
Event: 0.692 loading class com/google/inject/internal/Errors$2 done


Dynamic libraries:
0x000000013fc10000 - 0x000000013fc47000 	C:\Program Files\Java\jdk1.8.0_66\bin\java.exe
0x0000000077a10000 - 0x0000000077bb9000 	C:\Windows\SYSTEM32\ntdll.dll
0x00000000777f0000 - 0x000000007790f000 	C:\Windows\system32\kernel32.dll
0x000007fefda10000 - 0x000007fefda7b000 	C:\Windows\system32\KERNELBASE.dll
0x000007feff4d0000 - 0x000007feff5ab000 	C:\Windows\system32\ADVAPI32.dll
0x000007feff5b0000 - 0x000007feff64f000 	C:\Windows\system32\msvcrt.dll
0x000007feff4b0000 - 0x000007feff4cf000 	C:\Windows\SYSTEM32\sechost.dll
0x000007feff930000 - 0x000007feffa5d000 	C:\Windows\system32\RPCRT4.dll
0x0000000077910000 - 0x0000000077a0a000 	C:\Windows\system32\USER32.dll
0x000007fefdd40000 - 0x000007fefdda7000 	C:\Windows\system32\GDI32.dll
0x000007fefee70000 - 0x000007fefee7e000 	C:\Windows\system32\LPK.dll
0x000007feff190000 - 0x000007feff259000 	C:\Windows\system32\USP10.dll
0x000007fefc290000 - 0x000007fefc484000 	C:\Windows\WinSxS\amd64_microsoft.windows.common-controls_6595b64144ccf1df_6.0.7601.17514_none_fa396087175ac9ac\COMCTL32.dll
0x000007feff650000 - 0x000007feff6c1000 	C:\Windows\system32\SHLWAPI.dll
0x000007feffcf0000 - 0x000007feffd1e000 	C:\Windows\system32\IMM32.DLL
0x000007feffa60000 - 0x000007feffb69000 	C:\Windows\system32\MSCTF.dll
0x000000006ee00000 - 0x000000006eed2000 	C:\Program Files\Java\jdk1.8.0_66\jre\bin\msvcr100.dll
0x0000000060490000 - 0x0000000060d19000 	C:\Program Files\Java\jdk1.8.0_66\jre\bin\server\jvm.dll
0x000007fef9e50000 - 0x000007fef9e59000 	C:\Windows\system32\WSOCK32.dll
0x000007fefdf90000 - 0x000007fefdfdd000 	C:\Windows\system32\WS2_32.dll
0x000007fefdd30000 - 0x000007fefdd38000 	C:\Windows\system32\NSI.dll
0x000007fef9200000 - 0x000007fef923b000 	C:\Windows\system32\WINMM.dll
0x000007fefcab0000 - 0x000007fefcabc000 	C:\Windows\system32\VERSION.dll
0x0000000077bd0000 - 0x0000000077bd7000 	C:\Windows\system32\PSAPI.DLL
0x0000000071450000 - 0x000000007145f000 	C:\Program Files\Java\jdk1.8.0_66\jre\bin\verify.dll
0x0000000070c00000 - 0x0000000070c29000 	C:\Program Files\Java\jdk1.8.0_66\jre\bin\java.dll
0x000000006ede0000 - 0x000000006edf6000 	C:\Program Files\Java\jdk1.8.0_66\jre\bin\zip.dll
0x000007fefdfe0000 - 0x000007fefed68000 	C:\Windows\system32\SHELL32.dll
0x000007fefef80000 - 0x000007feff183000 	C:\Windows\system32\ole32.dll
0x000007fefd960000 - 0x000007fefd96f000 	C:\Windows\system32\profapi.dll

VM Arguments:
jvm_args: -Dclassworlds.conf=C:\Program Files\NetBeans 8.0.2\java\maven\bin\m2.conf -Dmaven.home=C:\Program Files\NetBeans 8.0.2\java\maven 
java_command: org.codehaus.plexus.classworlds.launcher.Launcher -Dexec.args=-classpath %classpath uit.tkorg.crs.experiment.CollaborativeQualityEvaluation -Dexec.executable=C:\Program Files\Java\jdk1.8.0_66\bin\java.exe -Dexec.classpathScope=runtime -Dmaven.ext.class.path=C:\Program Files\NetBeans 8.0.2\java\maven-nblib\netbeans-eventspy.jar -Dfile.encoding=UTF-8 org.codehaus.mojo:exec-maven-plugin:1.2.1:exec
java_class_path (initial): C:\Program Files\NetBeans 8.0.2\java\maven\boot\plexus-classworlds-2.4.jar
Launcher Type: SUN_STANDARD

Environment Variables:
JAVA_HOME=C:\Program Files\Java\jdk1.8.0_66
CLASSPATH=C:\Program Files\libsvm-3.20\java\libsvm.jar
PATH=C:\ProgramData\Oracle\Java\javapath;C:\Windows\system32;C:\Windows;C:\Windows\System32\Wbem;C:\Windows\System32\WindowsPowerShell\v1.0\;C:\IBM\ITM\bin;C:\IBM\ITM\InstallITM;C:\IBM\ITM\TMAITM6;C:\cygwin64\bin;C:\Program Files\TortoiseSVN\bin;C:\Program Files\Java\jdk1.8.0_60\bin;C:\Program Files\apache-maven-3.3.3\bin
USERNAME=Administrator
OS=Windows_NT
PROCESSOR_IDENTIFIER=Intel64 Family 6 Model 45 Stepping 7, GenuineIntel



---------------  S Y S T E M  ---------------

OS: Windows Server 2008 R2 , 64 bit Build 7601 (6.1.7601.17514)

CPU:total 32 (1 cores per cpu, 1 threads per core) family 6 model 45 stepping 7, cmov, cx8, fxsr, mmx, sse, sse2, sse3, ssse3, sse4.1, sse4.2, popcnt, avx, aes, clmul, tsc, tscinvbit, tscinv

Memory: 4k page, physical 67108344k(20765040k free), swap 67106500k(5096k free)

vm_info: Java HotSpot(TM) 64-Bit Server VM (25.66-b17) for windows-amd64 JRE (1.8.0_66-b17), built on Oct  6 2015 18:55:33 by "java_re" with MS VC++ 10.0 (VS2010)

time: Mon Apr 25 04:59:12 2016
elapsed time: 0 seconds (0d 0h 0m 0s)

