#
# There is insufficient memory for the Java Runtime Environment to continue.
# Native memory allocation (malloc) failed to allocate 91056 bytes for Chunk::new
# Possible reasons:
#   The system is out of physical RAM or swap space
#   In 32 bit mode, the process size limit was hit
# Possible solutions:
#   Reduce memory load on the system
#   Increase physical memory or swap space
#   Check if swap backing store is full
#   Use 64 bit Java on a 64 bit OS
#   Decrease Java heap size (-Xmx/-Xms)
#   Decrease number of Java threads
#   Decrease Java thread stack sizes (-Xss)
#   Set larger code cache with -XX:ReservedCodeCacheSize=
# This output file may be truncated or incomplete.
#
#  Out of Memory Error (allocation.cpp:328), pid=5272, tid=5300
#
# JRE version: 7.0_21-b11
# Java VM: Java HotSpot(TM) 64-Bit Server VM (23.21-b01 mixed mode windows-amd64 compressed oops)
# Failed to write core dump. Call to MiniDumpWriteDump() failed
#

---------------  T H R E A D  ---------------

Current thread (0x0000000053b6f000):  JavaThread "C2 CompilerThread1" daemon [_thread_in_native, id=5300, stack(0x00000000557c0000,0x00000000558c0000)]

Stack: [0x00000000557c0000,0x00000000558c0000]

Current CompileTask:
C2:   4281   81   !         java.io.BufferedWriter::write (117 bytes)


---------------  P R O C E S S  ---------------

Java Threads: ( => current thread )
  0x0000000053b77800 JavaThread "Service Thread" daemon [_thread_blocked, id=952, stack(0x0000000055a00000,0x0000000055b00000)]
=>0x0000000053b6f000 JavaThread "C2 CompilerThread1" daemon [_thread_in_native, id=5300, stack(0x00000000557c0000,0x00000000558c0000)]
  0x0000000053b69800 JavaThread "C2 CompilerThread0" daemon [_thread_blocked, id=6412, stack(0x0000000055520000,0x0000000055620000)]
  0x0000000053b5e800 JavaThread "JDWP Command Reader" daemon [_thread_in_native, id=5968, stack(0x0000000055630000,0x0000000055730000)]
  0x0000000053b5e000 JavaThread "JDWP Event Helper Thread" daemon [_thread_blocked, id=3704, stack(0x0000000055130000,0x0000000055230000)]
  0x0000000053b4b800 JavaThread "JDWP Transport Listener: dt_shmem" daemon [_thread_blocked, id=5380, stack(0x0000000055390000,0x0000000055490000)]
  0x0000000053b41000 JavaThread "Attach Listener" daemon [_thread_blocked, id=6480, stack(0x0000000055280000,0x0000000055380000)]
  0x0000000053b3e000 JavaThread "Signal Dispatcher" daemon [_thread_blocked, id=4444, stack(0x0000000054fa0000,0x00000000550a0000)]
  0x0000000052869800 JavaThread "Finalizer" daemon [_thread_blocked, id=5820, stack(0x0000000054e70000,0x0000000054f70000)]
  0x0000000052862000 JavaThread "Reference Handler" daemon [_thread_blocked, id=4892, stack(0x0000000054bd0000,0x0000000054cd0000)]
  0x00000000002bf000 JavaThread "main" [_thread_in_native, id=3748, stack(0x0000000002630000,0x0000000002730000)]

Other Threads:
  0x0000000053ac2000 VMThread [stack: 0x0000000054d10000,0x0000000054e10000] [id=4988]
  0x0000000053b83800 WatcherThread [stack: 0x0000000055bd0000,0x0000000055cd0000] [id=6208]

VM state:not at safepoint (normal execution)

VM Mutex/Monitor currently owned by a thread: None

Heap
 PSYoungGen      total 41920K, used 26155K [0x00000005eeee0000, 0x00000005f3460000, 0x0000000844430000)
  eden space 39232K, 59% used [0x00000005eeee0000,0x00000005f05cade0,0x00000005f1530000)
  from space 2688K, 100% used [0x00000005f31c0000,0x00000005f3460000,0x00000005f3460000)
  to   space 2688K, 0% used [0x00000005f2f20000,0x00000005f2f20000,0x00000005f31c0000)
 ParOldGen       total 114176K, used 62925K [0x0000000144430000, 0x000000014b3b0000, 0x00000005eeee0000)
  object space 114176K, 55% used [0x0000000144430000,0x00000001481a3488,0x000000014b3b0000)
 PSPermGen       total 21248K, used 6530K [0x000000013f230000, 0x00000001406f0000, 0x0000000144430000)
  object space 21248K, 30% used [0x000000013f230000,0x000000013f890b78,0x00000001406f0000)

Card table byte_map: [0x0000000005730000,0x0000000008f60000] byte_map_base: 0x0000000004d36e80

Polling page: 0x0000000000130000

Code Cache  [0x0000000002730000, 0x00000000029a0000, 0x0000000005730000)
 total_blobs=359 nmethods=89 adapters=230 free_code_cache=48499Kb largest_free_block=49631296

Compilation events (10 events):
Event: 4.040 Thread 0x0000000053b69800   78             java.lang.CharacterDataLatin1::toLowerCase (39 bytes)
Event: 4.041 Thread 0x0000000053b69800 nmethod 78 0x00000000027cb250 code [0x00000000027cb380, 0x00000000027cb458]
Event: 4.041 Thread 0x0000000053b6f000 nmethod 77 0x00000000027cfcd0 code [0x00000000027cfe20, 0x00000000027cff58]
Event: 4.071 Thread 0x0000000053b69800   79             java.util.Arrays::copyOfRange (63 bytes)
Event: 4.073 Thread 0x0000000053b69800 nmethod 79 0x00000000027cc810 code [0x00000000027cc960, 0x00000000027ccb58]
Event: 4.073 Thread 0x0000000053b69800   80             java.lang.String::<init> (67 bytes)
Event: 4.077 Thread 0x0000000053b69800 nmethod 80 0x00000000027cc1d0 code [0x00000000027cc320, 0x00000000027cc618]
Event: 4.155 Thread 0x0000000053b6f000   81   !         java.io.BufferedWriter::write (117 bytes)
Event: 4.158 Thread 0x0000000053b69800   82             java.lang.ref.Reference::get (5 bytes)
Event: 4.158 Thread 0x0000000053b69800 nmethod 82 0x00000000027cbfd0 code [0x00000000027cc100, 0x00000000027cc178]

GC Heap History (10 events):
Event: 1.382 GC heap before
{Heap before GC invocations=1 (full 0):
 PSYoungGen      total 19136K, used 16448K [0x00000005eeee0000, 0x00000005f0430000, 0x0000000844430000)
  eden space 16448K, 100% used [0x00000005eeee0000,0x00000005efef0000,0x00000005efef0000)
  from space 2688K, 0% used [0x00000005f0190000,0x00000005f0190000,0x00000005f0430000)
  to   space 2688K, 0% used [0x00000005efef0000,0x00000005efef0000,0x00000005f0190000)
 ParOldGen       total 43712K, used 0K [0x0000000144430000, 0x0000000146ee0000, 0x00000005eeee0000)
  object space 43712K, 0% used [0x0000000144430000,0x0000000144430000,0x0000000146ee0000)
 PSPermGen       total 21248K, used 6288K [0x000000013f230000, 0x00000001406f0000, 0x0000000144430000)
  object space 21248K, 29% used [0x000000013f230000,0x000000013f8540e8,0x00000001406f0000)
Event: 1.401 GC heap after
Heap after GC invocations=1 (full 0):
 PSYoungGen      total 19136K, used 2657K [0x00000005eeee0000, 0x00000005f1440000, 0x0000000844430000)
  eden space 16448K, 0% used [0x00000005eeee0000,0x00000005eeee0000,0x00000005efef0000)
  from space 2688K, 98% used [0x00000005efef0000,0x00000005f0188548,0x00000005f0190000)
  to   space 2688K, 0% used [0x00000005f11a0000,0x00000005f11a0000,0x00000005f1440000)
 ParOldGen       total 43712K, used 8579K [0x0000000144430000, 0x0000000146ee0000, 0x00000005eeee0000)
  object space 43712K, 19% used [0x0000000144430000,0x0000000144c90f78,0x0000000146ee0000)
 PSPermGen       total 21248K, used 6288K [0x000000013f230000, 0x00000001406f0000, 0x0000000144430000)
  object space 21248K, 29% used [0x000000013f230000,0x000000013f8540e8,0x00000001406f0000)
}
Event: 1.861 GC heap before
{Heap before GC invocations=2 (full 0):
 PSYoungGen      total 19136K, used 19105K [0x00000005eeee0000, 0x00000005f1440000, 0x0000000844430000)
  eden space 16448K, 100% used [0x00000005eeee0000,0x00000005efef0000,0x00000005efef0000)
  from space 2688K, 98% used [0x00000005efef0000,0x00000005f0188548,0x00000005f0190000)
  to   space 2688K, 0% used [0x00000005f11a0000,0x00000005f11a0000,0x00000005f1440000)
 ParOldGen       total 43712K, used 8579K [0x0000000144430000, 0x0000000146ee0000, 0x00000005eeee0000)
  object space 43712K, 19% used [0x0000000144430000,0x0000000144c90f78,0x0000000146ee0000)
 PSPermGen       total 21248K, used 6382K [0x000000013f230000, 0x00000001406f0000, 0x0000000144430000)
  object space 21248K, 30% used [0x000000013f230000,0x000000013f86b890,0x00000001406f0000)
Event: 1.894 GC heap after
Heap after GC invocations=2 (full 0):
 PSYoungGen      total 35584K, used 2670K [0x00000005eeee0000, 0x00000005f1440000, 0x0000000844430000)
  eden space 32896K, 0% used [0x00000005eeee0000,0x00000005eeee0000,0x00000005f0f00000)
  from space 2688K, 99% used [0x00000005f11a0000,0x00000005f143bba8,0x00000005f1440000)
  to   space 2688K, 0% used [0x00000005f0f00000,0x00000005f0f00000,0x00000005f11a0000)
 ParOldGen       total 43712K, used 23219K [0x0000000144430000, 0x0000000146ee0000, 0x00000005eeee0000)
  object space 43712K, 53% used [0x0000000144430000,0x0000000145adcf78,0x0000000146ee0000)
 PSPermGen       total 21248K, used 6382K [0x000000013f230000, 0x00000001406f0000, 0x0000000144430000)
  object space 21248K, 30% used [0x000000013f230000,0x000000013f86b890,0x00000001406f0000)
}
Event: 2.761 GC heap before
{Heap before GC invocations=3 (full 0):
 PSYoungGen      total 35584K, used 35566K [0x00000005eeee0000, 0x00000005f1440000, 0x0000000844430000)
  eden space 32896K, 100% used [0x00000005eeee0000,0x00000005f0f00000,0x00000005f0f00000)
  from space 2688K, 99% used [0x00000005f11a0000,0x00000005f143bba8,0x00000005f1440000)
  to   space 2688K, 0% used [0x00000005f0f00000,0x00000005f0f00000,0x00000005f11a0000)
 ParOldGen       total 43712K, used 23219K [0x0000000144430000, 0x0000000146ee0000, 0x00000005eeee0000)
  object space 43712K, 53% used [0x0000000144430000,0x0000000145adcf78,0x0000000146ee0000)
 PSPermGen       total 21248K, used 6395K [0x000000013f230000, 0x00000001406f0000, 0x0000000144430000)
  object space 21248K, 30% used [0x000000013f230000,0x000000013f86ede8,0x00000001406f0000)
Event: 2.810 GC heap after
Heap after GC invocations=3 (full 0):
 PSYoungGen      total 35584K, used 2672K [0x00000005eeee0000, 0x00000005f3460000, 0x0000000844430000)
  eden space 32896K, 0% used [0x00000005eeee0000,0x00000005eeee0000,0x00000005f0f00000)
  from space 2688K, 99% used [0x00000005f0f00000,0x00000005f119c398,0x00000005f11a0000)
  to   space 2688K, 0% used [0x00000005f31c0000,0x00000005f31c0000,0x00000005f3460000)
 ParOldGen       total 52928K, used 51777K [0x0000000144430000, 0x00000001477e0000, 0x00000005eeee0000)
  object space 52928K, 97% used [0x0000000144430000,0x00000001476c04e0,0x00000001477e0000)
 PSPermGen       total 21248K, used 6395K [0x000000013f230000, 0x00000001406f0000, 0x0000000144430000)
  object space 21248K, 30% used [0x000000013f230000,0x000000013f86ede8,0x00000001406f0000)
}
Event: 2.810 GC heap before
{Heap before GC invocations=4 (full 1):
 PSYoungGen      total 35584K, used 2672K [0x00000005eeee0000, 0x00000005f3460000, 0x0000000844430000)
  eden space 32896K, 0% used [0x00000005eeee0000,0x00000005eeee0000,0x00000005f0f00000)
  from space 2688K, 99% used [0x00000005f0f00000,0x00000005f119c398,0x00000005f11a0000)
  to   space 2688K, 0% used [0x00000005f31c0000,0x00000005f31c0000,0x00000005f3460000)
 ParOldGen       total 52928K, used 51777K [0x0000000144430000, 0x00000001477e0000, 0x00000005eeee0000)
  object space 52928K, 97% used [0x0000000144430000,0x00000001476c04e0,0x00000001477e0000)
 PSPermGen       total 21248K, used 6395K [0x000000013f230000, 0x00000001406f0000, 0x0000000144430000)
  object space 21248K, 30% used [0x000000013f230000,0x000000013f86ede8,0x00000001406f0000)
Event: 3.436 GC heap after
Heap after GC invocations=4 (full 1):
 PSYoungGen      total 35584K, used 524K [0x00000005eeee0000, 0x00000005f3460000, 0x0000000844430000)
  eden space 32896K, 0% used [0x00000005eeee0000,0x00000005eeee0000,0x00000005f0f00000)
  from space 2688K, 19% used [0x00000005f0f00000,0x00000005f0f83258,0x00000005f11a0000)
  to   space 2688K, 0% used [0x00000005f31c0000,0x00000005f31c0000,0x00000005f3460000)
 ParOldGen       total 114176K, used 52927K [0x0000000144430000, 0x000000014b3b0000, 0x00000005eeee0000)
  object space 114176K, 46% used [0x0000000144430000,0x00000001477dff20,0x000000014b3b0000)
 PSPermGen       total 21248K, used 6392K [0x000000013f230000, 0x00000001406f0000, 0x0000000144430000)
  object space 21248K, 30% used [0x000000013f230000,0x000000013f86e3a0,0x00000001406f0000)
}
Event: 3.841 GC heap before
{Heap before GC invocations=5 (full 1):
 PSYoungGen      total 35584K, used 33420K [0x00000005eeee0000, 0x00000005f3460000, 0x0000000844430000)
  eden space 32896K, 100% used [0x00000005eeee0000,0x00000005f0f00000,0x00000005f0f00000)
  from space 2688K, 19% used [0x00000005f0f00000,0x00000005f0f83258,0x00000005f11a0000)
  to   space 2688K, 0% used [0x00000005f31c0000,0x00000005f31c0000,0x00000005f3460000)
 ParOldGen       total 114176K, used 52927K [0x0000000144430000, 0x000000014b3b0000, 0x00000005eeee0000)
  object space 114176K, 46% used [0x0000000144430000,0x00000001477dff20,0x000000014b3b0000)
 PSPermGen       total 21248K, used 6428K [0x000000013f230000, 0x00000001406f0000, 0x0000000144430000)
  object space 21248K, 30% used [0x000000013f230000,0x000000013f877368,0x00000001406f0000)
Event: 3.883 GC heap after
Heap after GC invocations=5 (full 1):
 PSYoungGen      total 41920K, used 2688K [0x00000005eeee0000, 0x00000005f3460000, 0x0000000844430000)
  eden space 39232K, 0% used [0x00000005eeee0000,0x00000005eeee0000,0x00000005f1530000)
  from space 2688K, 100% used [0x00000005f31c0000,0x00000005f3460000,0x00000005f3460000)
  to   space 2688K, 0% used [0x00000005f2f20000,0x00000005f2f20000,0x00000005f31c0000)
 ParOldGen       total 114176K, used 62925K [0x0000000144430000, 0x000000014b3b0000, 0x00000005eeee0000)
  object space 114176K, 55% used [0x0000000144430000,0x00000001481a3488,0x000000014b3b0000)
 PSPermGen       total 21248K, used 6428K [0x000000013f230000, 0x00000001406f0000, 0x0000000144430000)
  object space 21248K, 30% used [0x000000013f230000,0x000000013f877368,0x00000001406f0000)
}

Deoptimization events (10 events):
Event: 3.596 Thread 0x00000000002bf000 Uncommon trap -34 fr.pc 0x00000000027c7d18
Event: 3.596 Thread 0x00000000002bf000 Uncommon trap -34 fr.pc 0x00000000027c06bc
Event: 3.597 Thread 0x00000000002bf000 Uncommon trap -34 fr.pc 0x00000000027b89b4
Event: 3.597 Thread 0x00000000002bf000 Uncommon trap -34 fr.pc 0x00000000027c7d18
Event: 3.597 Thread 0x00000000002bf000 Uncommon trap -34 fr.pc 0x00000000027c06bc
Event: 3.597 Thread 0x00000000002bf000 Uncommon trap -34 fr.pc 0x00000000027c7d18
Event: 3.597 Thread 0x00000000002bf000 Uncommon trap -34 fr.pc 0x00000000027c06bc
Event: 3.597 Thread 0x00000000002bf000 Uncommon trap -34 fr.pc 0x00000000027b89b4
Event: 3.597 Thread 0x00000000002bf000 Uncommon trap -34 fr.pc 0x00000000027b89b4
Event: 3.625 Thread 0x00000000002bf000 Uncommon trap -75 fr.pc 0x00000000027c3a98

Internal exceptions (10 events):
Event: 0.912 Thread 0x00000000002bf000 Threw 0x00000005ef47d250 at C:\jdk7u2_64p\jdk7u21\hotspot\src\share\vm\prims\jvm.cpp:1166
Event: 0.924 Thread 0x00000000002bf000 Threw 0x00000005ef480ce0 at C:\jdk7u2_64p\jdk7u21\hotspot\src\share\vm\prims\jvm.cpp:1166
Event: 0.925 Thread 0x00000000002bf000 Threw 0x00000005ef484510 at C:\jdk7u2_64p\jdk7u21\hotspot\src\share\vm\prims\jvm.cpp:1166
Event: 0.927 Thread 0x00000000002bf000 Threw 0x00000005ef48d840 at C:\jdk7u2_64p\jdk7u21\hotspot\src\share\vm\prims\jvm.cpp:1166
Event: 1.403 Thread 0x0000000052869800 Threw 0x00000005eef2bbc0 at C:\jdk7u2_64p\jdk7u21\hotspot\src\share\vm\interpreter\linkResolver.cpp:805
Event: 3.575 Thread 0x00000000002bf000 Threw 0x00000005effd52c8 at C:\jdk7u2_64p\jdk7u21\hotspot\src\share\vm\prims\jvm.cpp:1166
Event: 3.580 Thread 0x00000000002bf000 Threw 0x00000005efff1d40 at C:\jdk7u2_64p\jdk7u21\hotspot\src\share\vm\prims\jvm.cpp:1166
Event: 3.588 Thread 0x00000000002bf000 Threw 0x00000005f0000100 at C:\jdk7u2_64p\jdk7u21\hotspot\src\share\vm\prims\jvm.cpp:1166
Event: 3.593 Thread 0x00000000002bf000 Threw 0x00000005f00059e8 at C:\jdk7u2_64p\jdk7u21\hotspot\src\share\vm\prims\jvm.cpp:1166
Event: 3.595 Thread 0x00000000002bf000 Threw 0x00000005f0007f80 at C:\jdk7u2_64p\jdk7u21\hotspot\src\share\vm\prims\jvm.cpp:1166

Events (10 events):
Event: 3.918 loading class 0x000000005625fe10
Event: 3.918 loading class 0x000000005625fe10 done
Event: 3.918 loading class 0x00000000562e1750
Event: 3.918 loading class 0x00000000562e1750 done
Event: 3.918 loading class 0x000000005625ffc0
Event: 3.919 loading class 0x000000005625ffc0 done
Event: 3.919 loading class 0x00000000562601d0
Event: 3.919 loading class 0x00000000562601d0 done
Event: 3.921 loading class 0x0000000052861530
Event: 3.921 loading class 0x0000000052861530 done


Dynamic libraries:
0x000000013f1e0000 - 0x000000013f213000 	C:\Program Files\Java\jdk1.7.0_21\jre\bin\java.exe
0x0000000077350000 - 0x00000000774f9000 	C:\Windows\SYSTEM32\ntdll.dll
0x0000000077230000 - 0x000000007734f000 	C:\Windows\system32\kernel32.dll
0x000007fefd350000 - 0x000007fefd3bb000 	C:\Windows\system32\KERNELBASE.dll
0x000007fefd790000 - 0x000007fefd86b000 	C:\Windows\system32\ADVAPI32.dll
0x000007fefd6f0000 - 0x000007fefd78f000 	C:\Windows\system32\msvcrt.dll
0x000007fefda00000 - 0x000007fefda1f000 	C:\Windows\SYSTEM32\sechost.dll
0x000007fefe120000 - 0x000007fefe24d000 	C:\Windows\system32\RPCRT4.dll
0x0000000077130000 - 0x000000007722a000 	C:\Windows\system32\USER32.dll
0x000007fefda20000 - 0x000007fefda87000 	C:\Windows\system32\GDI32.dll
0x000007fefe250000 - 0x000007fefe25e000 	C:\Windows\system32\LPK.dll
0x000007fefda90000 - 0x000007fefdb59000 	C:\Windows\system32\USP10.dll
0x000007fefbc00000 - 0x000007fefbdf4000 	C:\Windows\WinSxS\amd64_microsoft.windows.common-controls_6595b64144ccf1df_6.0.7601.17514_none_fa396087175ac9ac\COMCTL32.dll
0x000007fefdd10000 - 0x000007fefdd81000 	C:\Windows\system32\SHLWAPI.dll
0x000007fefe0f0000 - 0x000007fefe11e000 	C:\Windows\system32\IMM32.DLL
0x000007fefdb60000 - 0x000007fefdc69000 	C:\Windows\system32\MSCTF.dll
0x000000006e510000 - 0x000000006e5e1000 	C:\Program Files\Java\jdk1.7.0_21\jre\bin\msvcr100.dll
0x0000000064700000 - 0x0000000064e21000 	C:\Program Files\Java\jdk1.7.0_21\jre\bin\server\jvm.dll
0x000007fef66c0000 - 0x000007fef66c9000 	C:\Windows\system32\WSOCK32.dll
0x000007feff1d0000 - 0x000007feff21d000 	C:\Windows\system32\WS2_32.dll
0x000007fefd9f0000 - 0x000007fefd9f8000 	C:\Windows\system32\NSI.dll
0x000007fef8df0000 - 0x000007fef8e2b000 	C:\Windows\system32\WINMM.dll
0x0000000077510000 - 0x0000000077517000 	C:\Windows\system32\PSAPI.DLL
0x00000000718b0000 - 0x00000000718bf000 	C:\Program Files\Java\jdk1.7.0_21\jre\bin\verify.dll
0x000000006e4e0000 - 0x000000006e508000 	C:\Program Files\Java\jdk1.7.0_21\jre\bin\java.dll
0x000000006dd70000 - 0x000000006dda5000 	C:\Program Files\Java\jdk1.7.0_21\jre\bin\jdwp.dll
0x000000006dd60000 - 0x000000006dd68000 	C:\Program Files\Java\jdk1.7.0_21\jre\bin\npt.dll
0x000000006e4c0000 - 0x000000006e4d5000 	C:\Program Files\Java\jdk1.7.0_21\jre\bin\zip.dll
0x000000006e1b0000 - 0x000000006e1bb000 	C:\Program Files\Java\jdk1.7.0_21\jre\bin\dt_shmem.dll
0x000000006e4a0000 - 0x000000006e4b9000 	C:\Program Files\Java\jdk1.7.0_21\jre\bin\net.dll
0x000007fefcad0000 - 0x000007fefcb25000 	C:\Windows\system32\mswsock.dll
0x000007fefcac0000 - 0x000007fefcac7000 	C:\Windows\System32\wship6.dll
0x000000006e480000 - 0x000000006e491000 	C:\Program Files\Java\jdk1.7.0_21\jre\bin\nio.dll
0x000007fefc4c0000 - 0x000007fefc4c7000 	C:\Windows\System32\wshtcpip.dll
0x000007fefc950000 - 0x000007fefc9ab000 	C:\Windows\system32\DNSAPI.dll
0x000007fefb840000 - 0x000007fefb867000 	C:\Windows\system32\IPHLPAPI.DLL
0x000007fefb830000 - 0x000007fefb83b000 	C:\Windows\system32\WINNSI.DLL
0x000007fef9920000 - 0x000007fef9928000 	C:\Windows\system32\rasadhlp.dll
0x000007fefb720000 - 0x000007fefb773000 	C:\Windows\System32\fwpuclnt.dll
0x000007fef3b60000 - 0x000007fef3c85000 	C:\Windows\system32\DBGHELP.DLL

VM Arguments:
jvm_args: -Xdebug -Xrunjdwp:transport=dt_shmem,address=javadebug -Dfile.encoding=UTF-8 -Xms64m -Xmx28672m 
java_command: uit.tkorg.utility.common.DatabaseTool
Launcher Type: SUN_STANDARD

Environment Variables:
CLASSPATH=C:\Program Files\Weka-3-6\LibSVM-1.0.4.jar
PATH=C:\Windows\system32;C:\Windows;C:\Windows\System32\Wbem;C:\Windows\System32\WindowsPowerShell\v1.0\;C:\IBM\ITM\bin;C:\IBM\ITM\InstallITM;C:\IBM\ITM\TMAITM6;C:\cygwin64\bin;C:\Program Files\TortoiseSVN\bin
USERNAME=Administrator
OS=Windows_NT
PROCESSOR_IDENTIFIER=Intel64 Family 6 Model 45 Stepping 7, GenuineIntel



---------------  S Y S T E M  ---------------

OS: Windows NT 6.1 , 64 bit Build 7601 Service Pack 1

CPU:total 12 (1 cores per cpu, 1 threads per core) family 6 model 45 stepping 7, cmov, cx8, fxsr, mmx, sse, sse2, sse3, ssse3, sse4.1, sse4.2, popcnt, avx, tsc, tscinvbit, tscinv

Memory: 4k page, physical 33553912k(18060148k free), swap 33552068k(3528k free)

vm_info: Java HotSpot(TM) 64-Bit Server VM (23.21-b01) for windows-amd64 JRE (1.7.0_21-b11), built on Apr  4 2013 08:11:28 by "java_re" with unknown MS VC++:1600

time: Fri Sep 25 08:21:37 2015
elapsed time: 4 seconds

